Drill report for priyaa_1.kicad_pcb
Created on 2026-05-16T09:32:57+0530

Copper Layer Stackup:
    =============================================================
    L1 :  F.Cu                      front
    L2 :  B.Cu                      back


Drill file 'priyaa_1-PTH.drl' contains
    plated through holes:
    =============================================================
    T1  0.800mm  0.0315"  (10 holes)
    T2  0.900mm  0.0354"  (6 holes)
    T3  1.000mm  0.0394"  (4 holes)
    T4  1.100mm  0.0433"  (11 holes)
    T5  1.200mm  0.0472"  (2 holes)
    T6  1.300mm  0.0512"  (4 holes)

    Total plated holes count 37


Drill file 'priyaa_1-NPTH.drl' contains
    unplated through holes:
    =============================================================

    Total unplated holes count 0
